TN:
SF:src/@generic/enums/difficulty.enum.ts
FN:17,(anonymous_0)
FNF:1
FNH:1
FNDA:2,(anonymous_0)
DA:9,1
DA:17,2
LF:2
LH:2
BRF:0
BRH:0
end_of_record
TN:
SF:src/@logic/constants/blank-cell-value.constant.ts
FNF:0
FNH:0
DA:1,1
LF:1
LH:1
BRF:0
BRH:0
end_of_record
TN:
SF:src/@logic/constants/field.constant.ts
FN:3,(anonymous_0)
FNF:1
FNH:1
FNDA:9,(anonymous_0)
DA:1,1
DA:2,1
DA:3,9
DA:4,1
DA:5,1
LF:5
LH:5
BRF:0
BRH:0
end_of_record
TN:
SF:src/@logic/interfaces/scored-cells.interface.ts
FNF:0
FNH:0
DA:8,1
LF:1
LH:1
BRF:0
BRH:0
end_of_record
TN:
SF:src/@logic/interfaces/sudoku-config.interface.ts
FNF:0
FNH:0
DA:11,1
LF:1
LH:1
BRF:0
BRH:0
end_of_record
TN:
SF:src/@logic/sudoku/sudoku.ts
FN:20,(anonymous_0)
FN:24,(anonymous_1)
FN:28,(anonymous_2)
FN:32,(anonymous_3)
FN:41,(anonymous_4)
FN:48,(anonymous_5)
FN:55,(anonymous_6)
FN:62,(anonymous_7)
FN:64,(anonymous_8)
FN:64,(anonymous_9)
FN:74,(anonymous_10)
FN:111,(anonymous_11)
FN:113,(anonymous_12)
FN:113,(anonymous_13)
FN:117,(anonymous_14)
FN:132,(anonymous_15)
FN:142,(anonymous_16)
FN:152,(anonymous_17)
FN:167,(anonymous_18)
FN:170,(anonymous_19)
FN:171,(anonymous_20)
FN:179,(anonymous_21)
FN:207,(anonymous_22)
FN:220,(anonymous_23)
FN:221,(anonymous_24)
FN:222,(anonymous_25)
FN:231,(anonymous_26)
FN:236,(anonymous_27)
FNF:28
FNH:19
FNDA:0,(anonymous_0)
FNDA:1,(anonymous_1)
FNDA:0,(anonymous_2)
FNDA:0,(anonymous_3)
FNDA:1,(anonymous_4)
FNDA:9,(anonymous_5)
FNDA:1,(anonymous_6)
FNDA:2,(anonymous_7)
FNDA:9,(anonymous_8)
FNDA:81,(anonymous_9)
FNDA:0,(anonymous_10)
FNDA:0,(anonymous_11)
FNDA:0,(anonymous_12)
FNDA:0,(anonymous_13)
FNDA:392,(anonymous_14)
FNDA:3195,(anonymous_15)
FNDA:970,(anonymous_16)
FNDA:655,(anonymous_17)
FNDA:1,(anonymous_18)
FNDA:9,(anonymous_19)
FNDA:1,(anonymous_20)
FNDA:392,(anonymous_21)
FNDA:1,(anonymous_22)
FNDA:1,(anonymous_23)
FNDA:9,(anonymous_24)
FNDA:81,(anonymous_25)
FNDA:0,(anonymous_26)
FNDA:0,(anonymous_27)
DA:12,1
DA:21,0
DA:25,1
DA:29,0
DA:33,0
DA:36,1
DA:37,1
DA:38,1
DA:39,1
DA:42,1
DA:43,1
DA:44,1
DA:45,1
DA:48,9
DA:49,1
DA:50,8
DA:51,8
DA:56,1
DA:58,1
DA:59,0
DA:62,2
DA:64,81
DA:66,1
DA:67,1
DA:70,1
DA:71,1
DA:75,0
DA:76,0
DA:77,0
DA:78,0
DA:80,0
DA:82,0
DA:83,0
DA:85,0
DA:86,0
DA:89,0
DA:90,0
DA:93,0
DA:94,0
DA:98,0
DA:99,0
DA:101,0
DA:102,0
DA:105,0
DA:107,0
DA:112,0
DA:113,0
DA:118,392
DA:119,392
DA:121,392
DA:122,1271
DA:123,10684
DA:124,391
DA:129,1
DA:133,3195
DA:134,17288
DA:135,2225
DA:139,970
DA:143,970
DA:144,6643
DA:145,315
DA:149,655
DA:153,655
DA:154,655
DA:156,655
DA:157,1446
DA:158,4131
DA:159,264
DA:164,391
DA:168,1
DA:170,9
DA:171,1
DA:180,392
DA:182,392
DA:183,1
DA:186,391
DA:187,3195
DA:189,3195
DA:194,391
DA:196,391
DA:197,81
DA:200,310
DA:204,310
DA:208,1
DA:210,1
DA:211,9
DA:212,81
DA:213,81
DA:214,80
DA:221,1
DA:222,81
DA:232,0
DA:234,0
DA:236,0
DA:237,0
DA:238,0
DA:239,0
DA:241,0
DA:243,0
DA:246,0
DA:248,0
LF:101
LH:66
BRDA:58,0,0,0
BRDA:58,0,1,1
BRDA:76,1,0,0
BRDA:76,1,1,0
BRDA:85,2,0,0
BRDA:85,2,1,0
BRDA:89,3,0,0
BRDA:89,3,1,0
BRDA:93,4,0,0
BRDA:93,4,1,0
BRDA:98,5,0,0
BRDA:98,5,1,0
BRDA:101,6,0,0
BRDA:101,6,1,0
BRDA:113,7,0,0
BRDA:113,7,1,0
BRDA:123,8,0,391
BRDA:123,8,1,10293
BRDA:134,9,0,2225
BRDA:134,9,1,15063
BRDA:144,10,0,315
BRDA:144,10,1,6328
BRDA:158,11,0,264
BRDA:158,11,1,3867
BRDA:182,12,0,1
BRDA:182,12,1,391
BRDA:189,13,0,391
BRDA:189,13,1,2804
BRDA:190,14,0,3195
BRDA:190,14,1,970
BRDA:190,14,2,655
BRDA:196,15,0,81
BRDA:196,15,1,310
BRDA:213,16,0,80
BRDA:213,16,1,1
BRDA:214,17,0,71
BRDA:214,17,1,9
BRDA:239,18,0,0
BRDA:239,18,1,0
BRF:39
BRH:22
end_of_record
